Added Component: Designator=A1(PCB_ANT)
Added Component: Designator=C1(C_tantal)
Add component (AddParameter): Name = "Manufacturer"; Value = "KEMET"; VariantName = "[No Variations]"
Add component (AddParameter): Name = "Package"; Value = "1206"; VariantName = "[No Variations]"
Add component (AddParameter): Name = "Temp_Coef"; Value = "-"; VariantName = "[No Variations]"
Add component (AddParameter): Name = "Tolerance"; Value = "10%"; VariantName = "[No Variations]"
Add component (AddParameter): Name = "Value"; Value = "1 ņĻį"; VariantName = "[No Variations]"
Add component (AddParameter): Name = "Voltage"; Value = "20 ┬"; VariantName = "[No Variations]"
Added Component: Designator=C2(C_0603)
Add component (AddParameter): Name = "Manufacturer"; Value = "TDK Corporation"; VariantName = "[No Variations]"
Add component (AddParameter): Name = "Package"; Value = "0603"; VariantName = "[No Variations]"
Add component (AddParameter): Name = "Temp_Coef"; Value = "X7R"; VariantName = "[No Variations]"
Add component (AddParameter): Name = "Tolerance"; Value = "10%"; VariantName = "[No Variations]"
Add component (AddParameter): Name = "Value"; Value = "0.1 u"; VariantName = "[No Variations]"
Add component (AddParameter): Name = "Voltage"; Value = "50 ┬"; VariantName = "[No Variations]"
Added Component: Designator=C3(C_0603)
Add component (AddParameter): Name = "Manufacturer"; Value = "TDK Corporation"; VariantName = "[No Variations]"
Add component (AddParameter): Name = "Package"; Value = "0603"; VariantName = "[No Variations]"
Add component (AddParameter): Name = "Temp_Coef"; Value = "X7R"; VariantName = "[No Variations]"
Add component (AddParameter): Name = "Tolerance"; Value = "10%"; VariantName = "[No Variations]"
Add component (AddParameter): Name = "Value"; Value = "1u"; VariantName = "[No Variations]"
Add component (AddParameter): Name = "Voltage"; Value = "50 ┬"; VariantName = "[No Variations]"
Added Component: Designator=C4(C_0603)
Add component (AddParameter): Name = "Manufacturer"; Value = "TDK Corporation"; VariantName = "[No Variations]"
Add component (AddParameter): Name = "Package"; Value = "0603"; VariantName = "[No Variations]"
Add component (AddParameter): Name = "Temp_Coef"; Value = "X7R"; VariantName = "[No Variations]"
Add component (AddParameter): Name = "Tolerance"; Value = "10%"; VariantName = "[No Variations]"
Add component (AddParameter): Name = "Value"; Value = "1u"; VariantName = "[No Variations]"
Add component (AddParameter): Name = "Voltage"; Value = "50 ┬"; VariantName = "[No Variations]"
Added Component: Designator=C5(C_0603)
Add component (AddParameter): Name = "Manufacturer"; Value = "TDK Corporation"; VariantName = "[No Variations]"
Add component (AddParameter): Name = "Package"; Value = "0603"; VariantName = "[No Variations]"
Add component (AddParameter): Name = "Temp_Coef"; Value = "X7R"; VariantName = "[No Variations]"
Add component (AddParameter): Name = "Tolerance"; Value = "10%"; VariantName = "[No Variations]"
Add component (AddParameter): Name = "Value"; Value = "0.1 u"; VariantName = "[No Variations]"
Add component (AddParameter): Name = "Voltage"; Value = "50 ┬"; VariantName = "[No Variations]"
Added Component: Designator=C6(C_0603)
Add component (AddParameter): Name = "Manufacturer"; Value = "TDK Corporation"; VariantName = "[No Variations]"
Add component (AddParameter): Name = "Package"; Value = "0603"; VariantName = "[No Variations]"
Add component (AddParameter): Name = "Temp_Coef"; Value = "X7R"; VariantName = "[No Variations]"
Add component (AddParameter): Name = "Tolerance"; Value = "10%"; VariantName = "[No Variations]"
Add component (AddParameter): Name = "Value"; Value = "100n"; VariantName = "[No Variations]"
Add component (AddParameter): Name = "Voltage"; Value = "50 ┬"; VariantName = "[No Variations]"
Added Component: Designator=C7(C_0603)
Add component (AddParameter): Name = "Manufacturer"; Value = "TDK Corporation"; VariantName = "[No Variations]"
Add component (AddParameter): Name = "Package"; Value = "0603"; VariantName = "[No Variations]"
Add component (AddParameter): Name = "Temp_Coef"; Value = "X7R"; VariantName = "[No Variations]"
Add component (AddParameter): Name = "Tolerance"; Value = "10%"; VariantName = "[No Variations]"
Add component (AddParameter): Name = "Value"; Value = "10n"; VariantName = "[No Variations]"
Add component (AddParameter): Name = "Voltage"; Value = "50 ┬"; VariantName = "[No Variations]"
Added Component: Designator=C8(C_0603)
Add component (AddParameter): Name = "Manufacturer"; Value = "TDK Corporation"; VariantName = "[No Variations]"
Add component (AddParameter): Name = "Package"; Value = "0603"; VariantName = "[No Variations]"
Add component (AddParameter): Name = "Temp_Coef"; Value = "X7R"; VariantName = "[No Variations]"
Add component (AddParameter): Name = "Tolerance"; Value = "10%"; VariantName = "[No Variations]"
Add component (AddParameter): Name = "Value"; Value = "100n"; VariantName = "[No Variations]"
Add component (AddParameter): Name = "Voltage"; Value = "50 ┬"; VariantName = "[No Variations]"
Added Component: Designator=C9(C_tantal)
Add component (AddParameter): Name = "Manufacturer"; Value = "KEMET"; VariantName = "[No Variations]"
Add component (AddParameter): Name = "Package"; Value = "1206"; VariantName = "[No Variations]"
Add component (AddParameter): Name = "Temp_Coef"; Value = "-"; VariantName = "[No Variations]"
Add component (AddParameter): Name = "Tolerance"; Value = "10%"; VariantName = "[No Variations]"
Add component (AddParameter): Name = "Value"; Value = "1 ņĻį"; VariantName = "[No Variations]"
Add component (AddParameter): Name = "Voltage"; Value = "20 ┬"; VariantName = "[No Variations]"
Added Component: Designator=C10(C_0603)
Add component (AddParameter): Name = "Manufacturer"; Value = "TDK Corporation"; VariantName = "[No Variations]"
Add component (AddParameter): Name = "Package"; Value = "0603"; VariantName = "[No Variations]"
Add component (AddParameter): Name = "Temp_Coef"; Value = "X7R"; VariantName = "[No Variations]"
Add component (AddParameter): Name = "Tolerance"; Value = "10%"; VariantName = "[No Variations]"
Add component (AddParameter): Name = "Value"; Value = "0.1 u"; VariantName = "[No Variations]"
Add component (AddParameter): Name = "Voltage"; Value = "50 ┬"; VariantName = "[No Variations]"
Added Component: Designator=C11(C_0201)
Add component (AddParameter): Name = "Manufacturer"; Value = "Murata Electronics"; VariantName = "[No Variations]"
Add component (AddParameter): Name = "Package"; Value = "0201"; VariantName = "[No Variations]"
Add component (AddParameter): Name = "Temp_Coef"; Value = "X7R"; VariantName = "[No Variations]"
Add component (AddParameter): Name = "Tolerance"; Value = "10%"; VariantName = "[No Variations]"
Add component (AddParameter): Name = "Value"; Value = "0.1 ņĻį"; VariantName = "[No Variations]"
Add component (AddParameter): Name = "Voltage"; Value = "16 ┬"; VariantName = "[No Variations]"
Added Component: Designator=C12(C_0603)
Add component (AddParameter): Name = "Manufacturer"; Value = "TDK Corporation"; VariantName = "[No Variations]"
Add component (AddParameter): Name = "Package"; Value = "0603"; VariantName = "[No Variations]"
Add component (AddParameter): Name = "Temp_Coef"; Value = "X7R"; VariantName = "[No Variations]"
Add component (AddParameter): Name = "Tolerance"; Value = "10%"; VariantName = "[No Variations]"
Add component (AddParameter): Name = "Value"; Value = "0.1 u"; VariantName = "[No Variations]"
Add component (AddParameter): Name = "Voltage"; Value = "50 ┬"; VariantName = "[No Variations]"
Added Component: Designator=C13(C_0603)
Add component (AddParameter): Name = "Manufacturer"; Value = "TDK Corporation"; VariantName = "[No Variations]"
Add component (AddParameter): Name = "Package"; Value = "0603"; VariantName = "[No Variations]"
Add component (AddParameter): Name = "Temp_Coef"; Value = "X7R"; VariantName = "[No Variations]"
Add component (AddParameter): Name = "Tolerance"; Value = "10%"; VariantName = "[No Variations]"
Add component (AddParameter): Name = "Value"; Value = "0.1 u"; VariantName = "[No Variations]"
Add component (AddParameter): Name = "Voltage"; Value = "50 ┬"; VariantName = "[No Variations]"
Added Component: Designator=C14(C_0603)
Add component (AddParameter): Name = "Manufacturer"; Value = "TDK Corporation"; VariantName = "[No Variations]"
Add component (AddParameter): Name = "Package"; Value = "0603"; VariantName = "[No Variations]"
Add component (AddParameter): Name = "Temp_Coef"; Value = "X7R"; VariantName = "[No Variations]"
Add component (AddParameter): Name = "Tolerance"; Value = "10%"; VariantName = "[No Variations]"
Add component (AddParameter): Name = "Value"; Value = "0.1 u"; VariantName = "[No Variations]"
Add component (AddParameter): Name = "Voltage"; Value = "50 ┬"; VariantName = "[No Variations]"
Added Component: Designator=C15(C_0603)
Add component (AddParameter): Name = "Manufacturer"; Value = "TDK Corporation"; VariantName = "[No Variations]"
Add component (AddParameter): Name = "Package"; Value = "0603"; VariantName = "[No Variations]"
Add component (AddParameter): Name = "Temp_Coef"; Value = "X7R"; VariantName = "[No Variations]"
Add component (AddParameter): Name = "Tolerance"; Value = "10%"; VariantName = "[No Variations]"
Add component (AddParameter): Name = "Value"; Value = "0.1 u"; VariantName = "[No Variations]"
Add component (AddParameter): Name = "Voltage"; Value = "50 ┬"; VariantName = "[No Variations]"
Added Component: Designator=C16(C_0603)
Add component (AddParameter): Name = "Manufacturer"; Value = "TDK Corporation"; VariantName = "[No Variations]"
Add component (AddParameter): Name = "Package"; Value = "0603"; VariantName = "[No Variations]"
Add component (AddParameter): Name = "Temp_Coef"; Value = "X7R"; VariantName = "[No Variations]"
Add component (AddParameter): Name = "Tolerance"; Value = "10%"; VariantName = "[No Variations]"
Add component (AddParameter): Name = "Value"; Value = "0.1 u"; VariantName = "[No Variations]"
Add component (AddParameter): Name = "Voltage"; Value = "50 ┬"; VariantName = "[No Variations]"
Added Component: Designator=C17(C_0603)
Add component (AddParameter): Name = "Manufacturer"; Value = "TDK Corporation"; VariantName = "[No Variations]"
Add component (AddParameter): Name = "Package"; Value = "0603"; VariantName = "[No Variations]"
Add component (AddParameter): Name = "Temp_Coef"; Value = "X7R"; VariantName = "[No Variations]"
Add component (AddParameter): Name = "Tolerance"; Value = "10%"; VariantName = "[No Variations]"
Add component (AddParameter): Name = "Value"; Value = "0.1 u"; VariantName = "[No Variations]"
Add component (AddParameter): Name = "Voltage"; Value = "50 ┬"; VariantName = "[No Variations]"
Added Component: Designator=C18(C_0603)
Add component (AddParameter): Name = "Manufacturer"; Value = "TDK Corporation"; VariantName = "[No Variations]"
Add component (AddParameter): Name = "Package"; Value = "0603"; VariantName = "[No Variations]"
Add component (AddParameter): Name = "Temp_Coef"; Value = "X7R"; VariantName = "[No Variations]"
Add component (AddParameter): Name = "Tolerance"; Value = "10%"; VariantName = "[No Variations]"
Add component (AddParameter): Name = "Value"; Value = "0.1 u"; VariantName = "[No Variations]"
Add component (AddParameter): Name = "Voltage"; Value = "50 ┬"; VariantName = "[No Variations]"
Added Component: Designator=C19(C_0603)
Add component (AddParameter): Name = "Manufacturer"; Value = "TDK Corporation"; VariantName = "[No Variations]"
Add component (AddParameter): Name = "Package"; Value = "0603"; VariantName = "[No Variations]"
Add component (AddParameter): Name = "Temp_Coef"; Value = "X7R"; VariantName = "[No Variations]"
Add component (AddParameter): Name = "Tolerance"; Value = "10%"; VariantName = "[No Variations]"
Add component (AddParameter): Name = "Value"; Value = "0.1 u"; VariantName = "[No Variations]"
Add component (AddParameter): Name = "Voltage"; Value = "50 ┬"; VariantName = "[No Variations]"
Added Component: Designator=C20(C_0603)
Add component (AddParameter): Name = "Manufacturer"; Value = "TDK Corporation"; VariantName = "[No Variations]"
Add component (AddParameter): Name = "Package"; Value = "0603"; VariantName = "[No Variations]"
Add component (AddParameter): Name = "Temp_Coef"; Value = "X7R"; VariantName = "[No Variations]"
Add component (AddParameter): Name = "Tolerance"; Value = "10%"; VariantName = "[No Variations]"
Add component (AddParameter): Name = "Value"; Value = "0.1 u"; VariantName = "[No Variations]"
Add component (AddParameter): Name = "Voltage"; Value = "50 ┬"; VariantName = "[No Variations]"
Added Component: Designator=C21(C_0603)
Add component (AddParameter): Name = "Manufacturer"; Value = "TDK Corporation"; VariantName = "[No Variations]"
Add component (AddParameter): Name = "Package"; Value = "0603"; VariantName = "[No Variations]"
Add component (AddParameter): Name = "Temp_Coef"; Value = "X7R"; VariantName = "[No Variations]"
Add component (AddParameter): Name = "Tolerance"; Value = "10%"; VariantName = "[No Variations]"
Add component (AddParameter): Name = "Value"; Value = "0.1 u"; VariantName = "[No Variations]"
Add component (AddParameter): Name = "Voltage"; Value = "50 ┬"; VariantName = "[No Variations]"
Added Component: Designator=C22(C_0603)
Add component (AddParameter): Name = "Manufacturer"; Value = "KEMET"; VariantName = "[No Variations]"
Add component (AddParameter): Name = "Package"; Value = "0603"; VariantName = "[No Variations]"
Add component (AddParameter): Name = "Temp_Coef"; Value = "C0G, NP0"; VariantName = "[No Variations]"
Add component (AddParameter): Name = "Tolerance"; Value = "0.1%"; VariantName = "[No Variations]"
Add component (AddParameter): Name = "Value"; Value = "20 ’Ļį"; VariantName = "[No Variations]"
Add component (AddParameter): Name = "Voltage"; Value = "250 ┬"; VariantName = "[No Variations]"
Added Component: Designator=C23(C_0603)
Add component (AddParameter): Name = "Manufacturer"; Value = "KEMET"; VariantName = "[No Variations]"
Add component (AddParameter): Name = "Package"; Value = "0603"; VariantName = "[No Variations]"
Add component (AddParameter): Name = "Temp_Coef"; Value = "C0G, NP0"; VariantName = "[No Variations]"
Add component (AddParameter): Name = "Tolerance"; Value = "0.1%"; VariantName = "[No Variations]"
Add component (AddParameter): Name = "Value"; Value = "20 ’Ļį"; VariantName = "[No Variations]"
Add component (AddParameter): Name = "Voltage"; Value = "250 ┬"; VariantName = "[No Variations]"
Added Component: Designator=C24(C_0603)
Add component (AddParameter): Name = "Manufacturer"; Value = "TDK Corporation"; VariantName = "[No Variations]"
Add component (AddParameter): Name = "Package"; Value = "0603"; VariantName = "[No Variations]"
Add component (AddParameter): Name = "Temp_Coef"; Value = "X7R"; VariantName = "[No Variations]"
Add component (AddParameter): Name = "Tolerance"; Value = "10%"; VariantName = "[No Variations]"
Add component (AddParameter): Name = "Value"; Value = "0.1 u"; VariantName = "[No Variations]"
Add component (AddParameter): Name = "Voltage"; Value = "50 ┬"; VariantName = "[No Variations]"
Added Component: Designator=C25(C_0603)
Add component (AddParameter): Name = "Manufacturer"; Value = "TDK Corporation"; VariantName = "[No Variations]"
Add component (AddParameter): Name = "Package"; Value = "0603"; VariantName = "[No Variations]"
Add component (AddParameter): Name = "Temp_Coef"; Value = "X7R"; VariantName = "[No Variations]"
Add component (AddParameter): Name = "Tolerance"; Value = "10%"; VariantName = "[No Variations]"
Add component (AddParameter): Name = "Value"; Value = "0.47u"; VariantName = "[No Variations]"
Add component (AddParameter): Name = "Voltage"; Value = "50 ┬"; VariantName = "[No Variations]"
Added Component: Designator=C26(C_0603)
Add component (AddParameter): Name = "Manufacturer"; Value = "TDK Corporation"; VariantName = "[No Variations]"
Add component (AddParameter): Name = "Package"; Value = "0603"; VariantName = "[No Variations]"
Add component (AddParameter): Name = "Temp_Coef"; Value = "X7R"; VariantName = "[No Variations]"
Add component (AddParameter): Name = "Tolerance"; Value = "10%"; VariantName = "[No Variations]"
Add component (AddParameter): Name = "Value"; Value = "1u"; VariantName = "[No Variations]"
Add component (AddParameter): Name = "Voltage"; Value = "50 ┬"; VariantName = "[No Variations]"
Added Component: Designator=C27(C_0603)
Add component (AddParameter): Name = "Manufacturer"; Value = "TDK Corporation"; VariantName = "[No Variations]"
Add component (AddParameter): Name = "Package"; Value = "0603"; VariantName = "[No Variations]"
Add component (AddParameter): Name = "Temp_Coef"; Value = "X7R"; VariantName = "[No Variations]"
Add component (AddParameter): Name = "Tolerance"; Value = "10%"; VariantName = "[No Variations]"
Add component (AddParameter): Name = "Value"; Value = "0.1u"; VariantName = "[No Variations]"
Add component (AddParameter): Name = "Voltage"; Value = "50 ┬"; VariantName = "[No Variations]"
Added Component: Designator=C28(C_0603)
Add component (AddParameter): Name = "Manufacturer"; Value = "TDK Corporation"; VariantName = "[No Variations]"
Add component (AddParameter): Name = "Package"; Value = "0603"; VariantName = "[No Variations]"
Add component (AddParameter): Name = "Temp_Coef"; Value = "X7R"; VariantName = "[No Variations]"
Add component (AddParameter): Name = "Tolerance"; Value = "10%"; VariantName = "[No Variations]"
Add component (AddParameter): Name = "Value"; Value = "470n"; VariantName = "[No Variations]"
Add component (AddParameter): Name = "Voltage"; Value = "50 ┬"; VariantName = "[No Variations]"
Added Component: Designator=C29(C_0603)
Add component (AddParameter): Name = "Manufacturer"; Value = "TDK Corporation"; VariantName = "[No Variations]"
Add component (AddParameter): Name = "Package"; Value = "0603"; VariantName = "[No Variations]"
Add component (AddParameter): Name = "Temp_Coef"; Value = "X7R"; VariantName = "[No Variations]"
Add component (AddParameter): Name = "Tolerance"; Value = "10%"; VariantName = "[No Variations]"
Add component (AddParameter): Name = "Value"; Value = "0.022u"; VariantName = "[No Variations]"
Add component (AddParameter): Name = "Voltage"; Value = "50 ┬"; VariantName = "[No Variations]"
Added Component: Designator=C30(C_0603)
Add component (AddParameter): Name = "Manufacturer"; Value = "TDK Corporation"; VariantName = "[No Variations]"
Add component (AddParameter): Name = "Package"; Value = "0603"; VariantName = "[No Variations]"
Add component (AddParameter): Name = "Temp_Coef"; Value = "X7R"; VariantName = "[No Variations]"
Add component (AddParameter): Name = "Tolerance"; Value = "10%"; VariantName = "[No Variations]"
Add component (AddParameter): Name = "Value"; Value = "2.2u"; VariantName = "[No Variations]"
Add component (AddParameter): Name = "Voltage"; Value = "50 ┬"; VariantName = "[No Variations]"
Added Component: Designator=C31(C_0603)
Add component (AddParameter): Name = "Manufacturer"; Value = "TDK Corporation"; VariantName = "[No Variations]"
Add component (AddParameter): Name = "Package"; Value = "0603"; VariantName = "[No Variations]"
Add component (AddParameter): Name = "Temp_Coef"; Value = "X7R"; VariantName = "[No Variations]"
Add component (AddParameter): Name = "Tolerance"; Value = "10%"; VariantName = "[No Variations]"
Add component (AddParameter): Name = "Value"; Value = "2.2u"; VariantName = "[No Variations]"
Add component (AddParameter): Name = "Voltage"; Value = "50 ┬"; VariantName = "[No Variations]"
Added Component: Designator=C32(C_0603)
Add component (AddParameter): Name = "Manufacturer"; Value = "TDK Corporation"; VariantName = "[No Variations]"
Add component (AddParameter): Name = "Package"; Value = "0603"; VariantName = "[No Variations]"
Add component (AddParameter): Name = "Temp_Coef"; Value = "X7R"; VariantName = "[No Variations]"
Add component (AddParameter): Name = "Tolerance"; Value = "10%"; VariantName = "[No Variations]"
Add component (AddParameter): Name = "Value"; Value = "0.022u"; VariantName = "[No Variations]"
Add component (AddParameter): Name = "Voltage"; Value = "50 ┬"; VariantName = "[No Variations]"
Added Component: Designator=C33(C_0603)
Add component (AddParameter): Name = "Manufacturer"; Value = "TDK Corporation"; VariantName = "[No Variations]"
Add component (AddParameter): Name = "Package"; Value = "0603"; VariantName = "[No Variations]"
Add component (AddParameter): Name = "Temp_Coef"; Value = "X7R"; VariantName = "[No Variations]"
Add component (AddParameter): Name = "Tolerance"; Value = "10%"; VariantName = "[No Variations]"
Add component (AddParameter): Name = "Value"; Value = "0.1u"; VariantName = "[No Variations]"
Add component (AddParameter): Name = "Voltage"; Value = "50 ┬"; VariantName = "[No Variations]"
Added Component: Designator=C34(C_0603)
Add component (AddParameter): Name = "Manufacturer"; Value = "TDK Corporation"; VariantName = "[No Variations]"
Add component (AddParameter): Name = "Package"; Value = "0603"; VariantName = "[No Variations]"
Add component (AddParameter): Name = "Temp_Coef"; Value = "X7R"; VariantName = "[No Variations]"
Add component (AddParameter): Name = "Tolerance"; Value = "10%"; VariantName = "[No Variations]"
Add component (AddParameter): Name = "Value"; Value = "0.1u"; VariantName = "[No Variations]"
Add component (AddParameter): Name = "Voltage"; Value = "50 ┬"; VariantName = "[No Variations]"
Added Component: Designator=C35(C_0603)
Add component (AddParameter): Name = "Manufacturer"; Value = "TDK Corporation"; VariantName = "[No Variations]"
Add component (AddParameter): Name = "Package"; Value = "0603"; VariantName = "[No Variations]"
Add component (AddParameter): Name = "Temp_Coef"; Value = "X7R"; VariantName = "[No Variations]"
Add component (AddParameter): Name = "Tolerance"; Value = "10%"; VariantName = "[No Variations]"
Add component (AddParameter): Name = "Value"; Value = "100n"; VariantName = "[No Variations]"
Add component (AddParameter): Name = "Voltage"; Value = "50 ┬"; VariantName = "[No Variations]"
Added Component: Designator=C36(C_0603)
Add component (AddParameter): Name = "Manufacturer"; Value = "TDK Corporation"; VariantName = "[No Variations]"
Add component (AddParameter): Name = "Package"; Value = "0603"; VariantName = "[No Variations]"
Add component (AddParameter): Name = "Temp_Coef"; Value = "X7R"; VariantName = "[No Variations]"
Add component (AddParameter): Name = "Tolerance"; Value = "10%"; VariantName = "[No Variations]"
Add component (AddParameter): Name = "Value"; Value = "1u"; VariantName = "[No Variations]"
Add component (AddParameter): Name = "Voltage"; Value = "50 ┬"; VariantName = "[No Variations]"
Added Component: Designator=C37(C_0603)
Add component (AddParameter): Name = "Manufacturer"; Value = "TDK Corporation"; VariantName = "[No Variations]"
Add component (AddParameter): Name = "Package"; Value = "0603"; VariantName = "[No Variations]"
Add component (AddParameter): Name = "Temp_Coef"; Value = "X7R"; VariantName = "[No Variations]"
Add component (AddParameter): Name = "Tolerance"; Value = "10%"; VariantName = "[No Variations]"
Add component (AddParameter): Name = "Value"; Value = "100u"; VariantName = "[No Variations]"
Add component (AddParameter): Name = "Voltage"; Value = "50 ┬"; VariantName = "[No Variations]"
Added Component: Designator=C38(C_0603)
Add component (AddParameter): Name = "Manufacturer"; Value = "TDK Corporation"; VariantName = "[No Variations]"
Add component (AddParameter): Name = "Package"; Value = "0603"; VariantName = "[No Variations]"
Add component (AddParameter): Name = "Temp_Coef"; Value = "X7R"; VariantName = "[No Variations]"
Add component (AddParameter): Name = "Tolerance"; Value = "10%"; VariantName = "[No Variations]"
Add component (AddParameter): Name = "Value"; Value = "1u"; VariantName = "[No Variations]"
Add component (AddParameter): Name = "Voltage"; Value = "50 ┬"; VariantName = "[No Variations]"
Added Component: Designator=C39(C_0603)
Add component (AddParameter): Name = "Manufacturer"; Value = "TDK Corporation"; VariantName = "[No Variations]"
Add component (AddParameter): Name = "Package"; Value = "0603"; VariantName = "[No Variations]"
Add component (AddParameter): Name = "Temp_Coef"; Value = "X7R"; VariantName = "[No Variations]"
Add component (AddParameter): Name = "Tolerance"; Value = "10%"; VariantName = "[No Variations]"
Add component (AddParameter): Name = "Value"; Value = "1u"; VariantName = "[No Variations]"
Add component (AddParameter): Name = "Voltage"; Value = "50 ┬"; VariantName = "[No Variations]"
Added Component: Designator=C40(C_0603)
Add component (AddParameter): Name = "Manufacturer"; Value = "TDK Corporation"; VariantName = "[No Variations]"
Add component (AddParameter): Name = "Package"; Value = "0603"; VariantName = "[No Variations]"
Add component (AddParameter): Name = "Temp_Coef"; Value = "X7R"; VariantName = "[No Variations]"
Add component (AddParameter): Name = "Tolerance"; Value = "10%"; VariantName = "[No Variations]"
Add component (AddParameter): Name = "Value"; Value = "10n"; VariantName = "[No Variations]"
Add component (AddParameter): Name = "Voltage"; Value = "50 ┬"; VariantName = "[No Variations]"
Added Component: Designator=C41(C_0603)
Add component (AddParameter): Name = "Manufacturer"; Value = "TDK Corporation"; VariantName = "[No Variations]"
Add component (AddParameter): Name = "Package"; Value = "0603"; VariantName = "[No Variations]"
Add component (AddParameter): Name = "Temp_Coef"; Value = "X7R"; VariantName = "[No Variations]"
Add component (AddParameter): Name = "Tolerance"; Value = "10%"; VariantName = "[No Variations]"
Add component (AddParameter): Name = "Value"; Value = "3.3n"; VariantName = "[No Variations]"
Add component (AddParameter): Name = "Voltage"; Value = "50 ┬"; VariantName = "[No Variations]"
Added Component: Designator=C42(C_0603)
Add component (AddParameter): Name = "Manufacturer"; Value = "TDK Corporation"; VariantName = "[No Variations]"
Add component (AddParameter): Name = "Package"; Value = "0603"; VariantName = "[No Variations]"
Add component (AddParameter): Name = "Temp_Coef"; Value = "X7R"; VariantName = "[No Variations]"
Add component (AddParameter): Name = "Tolerance"; Value = "10%"; VariantName = "[No Variations]"
Add component (AddParameter): Name = "Value"; Value = "0.1u"; VariantName = "[No Variations]"
Add component (AddParameter): Name = "Voltage"; Value = "50 ┬"; VariantName = "[No Variations]"
Added Component: Designator=C43(C_0603)
Add component (AddParameter): Name = "Manufacturer"; Value = "TDK Corporation"; VariantName = "[No Variations]"
Add component (AddParameter): Name = "Package"; Value = "0603"; VariantName = "[No Variations]"
Add component (AddParameter): Name = "Temp_Coef"; Value = "X7R"; VariantName = "[No Variations]"
Add component (AddParameter): Name = "Tolerance"; Value = "10%"; VariantName = "[No Variations]"
Add component (AddParameter): Name = "Value"; Value = "100p"; VariantName = "[No Variations]"
Add component (AddParameter): Name = "Voltage"; Value = "50 ┬"; VariantName = "[No Variations]"
Added Component: Designator=C44(C_0603)
Add component (AddParameter): Name = "Manufacturer"; Value = "TDK Corporation"; VariantName = "[No Variations]"
Add component (AddParameter): Name = "Package"; Value = "0603"; VariantName = "[No Variations]"
Add component (AddParameter): Name = "Temp_Coef"; Value = "X7R"; VariantName = "[No Variations]"
Add component (AddParameter): Name = "Tolerance"; Value = "10%"; VariantName = "[No Variations]"
Add component (AddParameter): Name = "Value"; Value = "1u"; VariantName = "[No Variations]"
Add component (AddParameter): Name = "Voltage"; Value = "50 ┬"; VariantName = "[No Variations]"
Added Component: Designator=C45(C_0603)
Add component (AddParameter): Name = "Manufacturer"; Value = "TDK Corporation"; VariantName = "[No Variations]"
Add component (AddParameter): Name = "Package"; Value = "0603"; VariantName = "[No Variations]"
Add component (AddParameter): Name = "Temp_Coef"; Value = "X7R"; VariantName = "[No Variations]"
Add component (AddParameter): Name = "Tolerance"; Value = "10%"; VariantName = "[No Variations]"
Add component (AddParameter): Name = "Value"; Value = "1u"; VariantName = "[No Variations]"
Add component (AddParameter): Name = "Voltage"; Value = "50 ┬"; VariantName = "[No Variations]"
Added Component: Designator=C46(C_0603)
Add component (AddParameter): Name = "Manufacturer"; Value = "TDK Corporation"; VariantName = "[No Variations]"
Add component (AddParameter): Name = "Package"; Value = "0603"; VariantName = "[No Variations]"
Add component (AddParameter): Name = "Temp_Coef"; Value = "X7R"; VariantName = "[No Variations]"
Add component (AddParameter): Name = "Tolerance"; Value = "10%"; VariantName = "[No Variations]"
Add component (AddParameter): Name = "Value"; Value = "0.1u"; VariantName = "[No Variations]"
Add component (AddParameter): Name = "Voltage"; Value = "50 ┬"; VariantName = "[No Variations]"
Added Component: Designator=C47(C_0603)
Add component (AddParameter): Name = "Manufacturer"; Value = "TDK Corporation"; VariantName = "[No Variations]"
Add component (AddParameter): Name = "Package"; Value = "0603"; VariantName = "[No Variations]"
Add component (AddParameter): Name = "Temp_Coef"; Value = "X7R"; VariantName = "[No Variations]"
Add component (AddParameter): Name = "Tolerance"; Value = "10%"; VariantName = "[No Variations]"
Add component (AddParameter): Name = "Value"; Value = "0.1u"; VariantName = "[No Variations]"
Add component (AddParameter): Name = "Voltage"; Value = "50 ┬"; VariantName = "[No Variations]"
Added Component: Designator=C48(C_0603)
Add component (AddParameter): Name = "Manufacturer"; Value = "TDK Corporation"; VariantName = "[No Variations]"
Add component (AddParameter): Name = "Package"; Value = "0603"; VariantName = "[No Variations]"
Add component (AddParameter): Name = "Temp_Coef"; Value = "X7R"; VariantName = "[No Variations]"
Add component (AddParameter): Name = "Tolerance"; Value = "10%"; VariantName = "[No Variations]"
Add component (AddParameter): Name = "Value"; Value = "0.1u"; VariantName = "[No Variations]"
Add component (AddParameter): Name = "Voltage"; Value = "50 ┬"; VariantName = "[No Variations]"
Added Component: Designator=C49(C_0603)
Add component (AddParameter): Name = "Manufacturer"; Value = "TDK Corporation"; VariantName = "[No Variations]"
Add component (AddParameter): Name = "Package"; Value = "0603"; VariantName = "[No Variations]"
Add component (AddParameter): Name = "Temp_Coef"; Value = "X7R"; VariantName = "[No Variations]"
Add component (AddParameter): Name = "Tolerance"; Value = "10%"; VariantName = "[No Variations]"
Add component (AddParameter): Name = "Value"; Value = "0.1u"; VariantName = "[No Variations]"
Add component (AddParameter): Name = "Voltage"; Value = "50 ┬"; VariantName = "[No Variations]"
Added Component: Designator=C50(C_0603)
Add component (AddParameter): Name = "Manufacturer"; Value = "TDK Corporation"; VariantName = "[No Variations]"
Add component (AddParameter): Name = "Package"; Value = "0603"; VariantName = "[No Variations]"
Add component (AddParameter): Name = "Temp_Coef"; Value = "X7R"; VariantName = "[No Variations]"
Add component (AddParameter): Name = "Tolerance"; Value = "10%"; VariantName = "[No Variations]"
Add component (AddParameter): Name = "Value"; Value = "10n"; VariantName = "[No Variations]"
Add component (AddParameter): Name = "Voltage"; Value = "50 ┬"; VariantName = "[No Variations]"
Added Component: Designator=C51(C_0603)
Add component (AddParameter): Name = "Manufacturer"; Value = "TDK Corporation"; VariantName = "[No Variations]"
Add component (AddParameter): Name = "Package"; Value = "0603"; VariantName = "[No Variations]"
Add component (AddParameter): Name = "Temp_Coef"; Value = "X7R"; VariantName = "[No Variations]"
Add component (AddParameter): Name = "Tolerance"; Value = "10%"; VariantName = "[No Variations]"
Add component (AddParameter): Name = "Value"; Value = "1u"; VariantName = "[No Variations]"
Add component (AddParameter): Name = "Voltage"; Value = "50 ┬"; VariantName = "[No Variations]"
Added Component: Designator=C52(C_0603)
Add component (AddParameter): Name = "Manufacturer"; Value = "TDK Corporation"; VariantName = "[No Variations]"
Add component (AddParameter): Name = "Package"; Value = "0603"; VariantName = "[No Variations]"
Add component (AddParameter): Name = "Temp_Coef"; Value = "X7R"; VariantName = "[No Variations]"
Add component (AddParameter): Name = "Tolerance"; Value = "10%"; VariantName = "[No Variations]"
Add component (AddParameter): Name = "Value"; Value = "0.1u"; VariantName = "[No Variations]"
Add component (AddParameter): Name = "Voltage"; Value = "50 ┬"; VariantName = "[No Variations]"
Added Component: Designator=C53(C_0603)
Add component (AddParameter): Name = "Manufacturer"; Value = "TDK Corporation"; VariantName = "[No Variations]"
Add component (AddParameter): Name = "Package"; Value = "0603"; VariantName = "[No Variations]"
Add component (AddParameter): Name = "Temp_Coef"; Value = "X7R"; VariantName = "[No Variations]"
Add component (AddParameter): Name = "Tolerance"; Value = "10%"; VariantName = "[No Variations]"
Add component (AddParameter): Name = "Value"; Value = "10u"; VariantName = "[No Variations]"
Add component (AddParameter): Name = "Voltage"; Value = "50 ┬"; VariantName = "[No Variations]"
Added Component: Designator=C54(C_0603)
Add component (AddParameter): Name = "Manufacturer"; Value = "TDK Corporation"; VariantName = "[No Variations]"
Add component (AddParameter): Name = "Package"; Value = "0603"; VariantName = "[No Variations]"
Add component (AddParameter): Name = "Temp_Coef"; Value = "X7R"; VariantName = "[No Variations]"
Add component (AddParameter): Name = "Tolerance"; Value = "10%"; VariantName = "[No Variations]"
Add component (AddParameter): Name = "Value"; Value = "150p"; VariantName = "[No Variations]"
Add component (AddParameter): Name = "Voltage"; Value = "50 ┬"; VariantName = "[No Variations]"
Added Component: Designator=C55(C_0603)
Add component (AddParameter): Name = "Manufacturer"; Value = "TDK Corporation"; VariantName = "[No Variations]"
Add component (AddParameter): Name = "Package"; Value = "0603"; VariantName = "[No Variations]"
Add component (AddParameter): Name = "Temp_Coef"; Value = "X7R"; VariantName = "[No Variations]"
Add component (AddParameter): Name = "Tolerance"; Value = "10%"; VariantName = "[No Variations]"
Add component (AddParameter): Name = "Value"; Value = "1u"; VariantName = "[No Variations]"
Add component (AddParameter): Name = "Voltage"; Value = "50 ┬"; VariantName = "[No Variations]"
Added Component: Designator=C56(C_0603)
Add component (AddParameter): Name = "Manufacturer"; Value = "TDK Corporation"; VariantName = "[No Variations]"
Add component (AddParameter): Name = "Package"; Value = "0603"; VariantName = "[No Variations]"
Add component (AddParameter): Name = "Temp_Coef"; Value = "X7R"; VariantName = "[No Variations]"
Add component (AddParameter): Name = "Tolerance"; Value = "10%"; VariantName = "[No Variations]"
Add component (AddParameter): Name = "Value"; Value = "1u"; VariantName = "[No Variations]"
Add component (AddParameter): Name = "Voltage"; Value = "50 ┬"; VariantName = "[No Variations]"
Added Component: Designator=C57(C_0603)
Add component (AddParameter): Name = "Manufacturer"; Value = "TDK Corporation"; VariantName = "[No Variations]"
Add component (AddParameter): Name = "Package"; Value = "0603"; VariantName = "[No Variations]"
Add component (AddParameter): Name = "Temp_Coef"; Value = "X7R"; VariantName = "[No Variations]"
Add component (AddParameter): Name = "Tolerance"; Value = "10%"; VariantName = "[No Variations]"
Add component (AddParameter): Name = "Value"; Value = "10u"; VariantName = "[No Variations]"
Add component (AddParameter): Name = "Voltage"; Value = "50 ┬"; VariantName = "[No Variations]"
Added Component: Designator=C58(C_0603)
Add component (AddParameter): Name = "Manufacturer"; Value = "TDK Corporation"; VariantName = "[No Variations]"
Add component (AddParameter): Name = "Package"; Value = "0603"; VariantName = "[No Variations]"
Add component (AddParameter): Name = "Temp_Coef"; Value = "X7R"; VariantName = "[No Variations]"
Add component (AddParameter): Name = "Tolerance"; Value = "10%"; VariantName = "[No Variations]"
Add component (AddParameter): Name = "Value"; Value = "0.1u"; VariantName = "[No Variations]"
Add component (AddParameter): Name = "Voltage"; Value = "50 ┬"; VariantName = "[No Variations]"
Added Component: Designator=C59(C_0603)
Add component (AddParameter): Name = "Manufacturer"; Value = "TDK Corporation"; VariantName = "[No Variations]"
Add component (AddParameter): Name = "Package"; Value = "0603"; VariantName = "[No Variations]"
Add component (AddParameter): Name = "Temp_Coef"; Value = "X7R"; VariantName = "[No Variations]"
Add component (AddParameter): Name = "Tolerance"; Value = "10%"; VariantName = "[No Variations]"
Add component (AddParameter): Name = "Value"; Value = "150p"; VariantName = "[No Variations]"
Add component (AddParameter): Name = "Voltage"; Value = "50 ┬"; VariantName = "[No Variations]"
Added Component: Designator=C60(C_0603)
Add component (AddParameter): Name = "Manufacturer"; Value = "TDK Corporation"; VariantName = "[No Variations]"
Add component (AddParameter): Name = "Package"; Value = "0603"; VariantName = "[No Variations]"
Add component (AddParameter): Name = "Temp_Coef"; Value = "X7R"; VariantName = "[No Variations]"
Add component (AddParameter): Name = "Tolerance"; Value = "10%"; VariantName = "[No Variations]"
Add component (AddParameter): Name = "Value"; Value = "0.1u"; VariantName = "[No Variations]"
Add component (AddParameter): Name = "Voltage"; Value = "50 ┬"; VariantName = "[No Variations]"
Added Component: Designator=C61(C_0603)
Add component (AddParameter): Name = "Manufacturer"; Value = "TDK Corporation"; VariantName = "[No Variations]"
Add component (AddParameter): Name = "Package"; Value = "0603"; VariantName = "[No Variations]"
Add component (AddParameter): Name = "Temp_Coef"; Value = "X7R"; VariantName = "[No Variations]"
Add component (AddParameter): Name = "Tolerance"; Value = "10%"; VariantName = "[No Variations]"
Add component (AddParameter): Name = "Value"; Value = "TBD"; VariantName = "[No Variations]"
Add component (AddParameter): Name = "Voltage"; Value = "50 ┬"; VariantName = "[No Variations]"
Added Component: Designator=C62(C_0603)
Add component (AddParameter): Name = "Manufacturer"; Value = "TDK Corporation"; VariantName = "[No Variations]"
Add component (AddParameter): Name = "Package"; Value = "0603"; VariantName = "[No Variations]"
Add component (AddParameter): Name = "Temp_Coef"; Value = "X7R"; VariantName = "[No Variations]"
Add component (AddParameter): Name = "Tolerance"; Value = "10%"; VariantName = "[No Variations]"
Add component (AddParameter): Name = "Value"; Value = "270p"; VariantName = "[No Variations]"
Add component (AddParameter): Name = "Voltage"; Value = "50 ┬"; VariantName = "[No Variations]"
Added Component: Designator=C63(C_0603)
Add component (AddParameter): Name = "Manufacturer"; Value = "TDK Corporation"; VariantName = "[No Variations]"
Add component (AddParameter): Name = "Package"; Value = "0603"; VariantName = "[No Variations]"
Add component (AddParameter): Name = "Temp_Coef"; Value = "X7R"; VariantName = "[No Variations]"
Add component (AddParameter): Name = "Tolerance"; Value = "10%"; VariantName = "[No Variations]"
Add component (AddParameter): Name = "Value"; Value = "TBD"; VariantName = "[No Variations]"
Add component (AddParameter): Name = "Voltage"; Value = "50 ┬"; VariantName = "[No Variations]"
Added Component: Designator=C64(C_0603)
Add component (AddParameter): Name = "Manufacturer"; Value = "TDK Corporation"; VariantName = "[No Variations]"
Add component (AddParameter): Name = "Package"; Value = "0603"; VariantName = "[No Variations]"
Add component (AddParameter): Name = "Temp_Coef"; Value = "X7R"; VariantName = "[No Variations]"
Add component (AddParameter): Name = "Tolerance"; Value = "10%"; VariantName = "[No Variations]"
Add component (AddParameter): Name = "Value"; Value = "270p"; VariantName = "[No Variations]"
Add component (AddParameter): Name = "Voltage"; Value = "50 ┬"; VariantName = "[No Variations]"
Added Component: Designator=C65(C_0603)
Add component (AddParameter): Name = "Manufacturer"; Value = "TDK Corporation"; VariantName = "[No Variations]"
Add component (AddParameter): Name = "Package"; Value = "0603"; VariantName = "[No Variations]"
Add component (AddParameter): Name = "Temp_Coef"; Value = "X7R"; VariantName = "[No Variations]"
Add component (AddParameter): Name = "Tolerance"; Value = "10%"; VariantName = "[No Variations]"
Add component (AddParameter): Name = "Value"; Value = "100n"; VariantName = "[No Variations]"
Add component (AddParameter): Name = "Voltage"; Value = "50 ┬"; VariantName = "[No Variations]"
Added Component: Designator=C66(C_0603)
Add component (AddParameter): Name = "Manufacturer"; Value = "TDK Corporation"; VariantName = "[No Variations]"
Add component (AddParameter): Name = "Package"; Value = "0603"; VariantName = "[No Variations]"
Add component (AddParameter): Name = "Temp_Coef"; Value = "X7R"; VariantName = "[No Variations]"
Add component (AddParameter): Name = "Tolerance"; Value = "10%"; VariantName = "[No Variations]"
Add component (AddParameter): Name = "Value"; Value = "1u"; VariantName = "[No Variations]"
Add component (AddParameter): Name = "Voltage"; Value = "50 ┬"; VariantName = "[No Variations]"
Added Component: Designator=C67(C_0603)
Add component (AddParameter): Name = "Manufacturer"; Value = "TDK Corporation"; VariantName = "[No Variations]"
Add component (AddParameter): Name = "Package"; Value = "0603"; VariantName = "[No Variations]"
Add component (AddParameter): Name = "Temp_Coef"; Value = "X7R"; VariantName = "[No Variations]"
Add component (AddParameter): Name = "Tolerance"; Value = "10%"; VariantName = "[No Variations]"
Add component (AddParameter): Name = "Value"; Value = "10u"; VariantName = "[No Variations]"
Add component (AddParameter): Name = "Voltage"; Value = "50 ┬"; VariantName = "[No Variations]"
Added Component: Designator=C68(C_0603)
Add component (AddParameter): Name = "Manufacturer"; Value = "TDK Corporation"; VariantName = "[No Variations]"
Add component (AddParameter): Name = "Package"; Value = "0603"; VariantName = "[No Variations]"
Add component (AddParameter): Name = "Temp_Coef"; Value = "X7R"; VariantName = "[No Variations]"
Add component (AddParameter): Name = "Tolerance"; Value = "10%"; VariantName = "[No Variations]"
Add component (AddParameter): Name = "Value"; Value = "100n"; VariantName = "[No Variations]"
Add component (AddParameter): Name = "Voltage"; Value = "50 ┬"; VariantName = "[No Variations]"
Added Component: Designator=C69(C_0603)
Add component (AddParameter): Name = "Manufacturer"; Value = "TDK Corporation"; VariantName = "[No Variations]"
Add component (AddParameter): Name = "Package"; Value = "0603"; VariantName = "[No Variations]"
Add component (AddParameter): Name = "Temp_Coef"; Value = "X7R"; VariantName = "[No Variations]"
Add component (AddParameter): Name = "Tolerance"; Value = "10%"; VariantName = "[No Variations]"
Add component (AddParameter): Name = "Value"; Value = "0.1u"; VariantName = "[No Variations]"
Add component (AddParameter): Name = "Voltage"; Value = "50 ┬"; VariantName = "[No Variations]"
Added Component: Designator=C70(C_0603)
Add component (AddParameter): Name = "Manufacturer"; Value = "TDK Corporation"; VariantName = "[No Variations]"
Add component (AddParameter): Name = "Package"; Value = "0603"; VariantName = "[No Variations]"
Add component (AddParameter): Name = "Temp_Coef"; Value = "X7R"; VariantName = "[No Variations]"
Add component (AddParameter): Name = "Tolerance"; Value = "10%"; VariantName = "[No Variations]"
Add component (AddParameter): Name = "Value"; Value = "22p"; VariantName = "[No Variations]"
Add component (AddParameter): Name = "Voltage"; Value = "50 ┬"; VariantName = "[No Variations]"
Added Component: Designator=C71(C_0603)
Add component (AddParameter): Name = "Manufacturer"; Value = "TDK Corporation"; VariantName = "[No Variations]"
Add component (AddParameter): Name = "Package"; Value = "0603"; VariantName = "[No Variations]"
Add component (AddParameter): Name = "Temp_Coef"; Value = "X7R"; VariantName = "[No Variations]"
Add component (AddParameter): Name = "Tolerance"; Value = "10%"; VariantName = "[No Variations]"
Add component (AddParameter): Name = "Value"; Value = "22p"; VariantName = "[No Variations]"
Add component (AddParameter): Name = "Voltage"; Value = "50 ┬"; VariantName = "[No Variations]"
Added Component: Designator=C72(C_0603)
Add component (AddParameter): Name = "Manufacturer"; Value = "TDK Corporation"; VariantName = "[No Variations]"
Add component (AddParameter): Name = "Package"; Value = "0603"; VariantName = "[No Variations]"
Add component (AddParameter): Name = "Temp_Coef"; Value = "X7R"; VariantName = "[No Variations]"
Add component (AddParameter): Name = "Tolerance"; Value = "10%"; VariantName = "[No Variations]"
Add component (AddParameter): Name = "Value"; Value = "22p"; VariantName = "[No Variations]"
Add component (AddParameter): Name = "Voltage"; Value = "50 ┬"; VariantName = "[No Variations]"
Added Component: Designator=C73(C_0603)
Add component (AddParameter): Name = "Manufacturer"; Value = "TDK Corporation"; VariantName = "[No Variations]"
Add component (AddParameter): Name = "Package"; Value = "0603"; VariantName = "[No Variations]"
Add component (AddParameter): Name = "Temp_Coef"; Value = "X7R"; VariantName = "[No Variations]"
Add component (AddParameter): Name = "Tolerance"; Value = "10%"; VariantName = "[No Variations]"
Add component (AddParameter): Name = "Value"; Value = "22p"; VariantName = "[No Variations]"
Add component (AddParameter): Name = "Voltage"; Value = "50 ┬"; VariantName = "[No Variations]"
Added Component: Designator=C74(C_0603)
Add component (AddParameter): Name = "Manufacturer"; Value = "TDK Corporation"; VariantName = "[No Variations]"
Add component (AddParameter): Name = "Package"; Value = "0603"; VariantName = "[No Variations]"
Add component (AddParameter): Name = "Temp_Coef"; Value = "X7R"; VariantName = "[No Variations]"
Add component (AddParameter): Name = "Tolerance"; Value = "10%"; VariantName = "[No Variations]"
Add component (AddParameter): Name = "Value"; Value = "15p"; VariantName = "[No Variations]"
Add component (AddParameter): Name = "Voltage"; Value = "50 ┬"; VariantName = "[No Variations]"
Added Component: Designator=C75(C_0603)
Add component (AddParameter): Name = "Manufacturer"; Value = "TDK Corporation"; VariantName = "[No Variations]"
Add component (AddParameter): Name = "Package"; Value = "0603"; VariantName = "[No Variations]"
Add component (AddParameter): Name = "Temp_Coef"; Value = "X7R"; VariantName = "[No Variations]"
Add component (AddParameter): Name = "Tolerance"; Value = "10%"; VariantName = "[No Variations]"
Add component (AddParameter): Name = "Value"; Value = "15p"; VariantName = "[No Variations]"
Add component (AddParameter): Name = "Voltage"; Value = "50 ┬"; VariantName = "[No Variations]"
Added Component: Designator=C76(C_0603)
Add component (AddParameter): Name = "Manufacturer"; Value = "TDK Corporation"; VariantName = "[No Variations]"
Add component (AddParameter): Name = "Package"; Value = "0603"; VariantName = "[No Variations]"
Add component (AddParameter): Name = "Temp_Coef"; Value = "X7R"; VariantName = "[No Variations]"
Add component (AddParameter): Name = "Tolerance"; Value = "10%"; VariantName = "[No Variations]"
Add component (AddParameter): Name = "Value"; Value = "1u"; VariantName = "[No Variations]"
Add component (AddParameter): Name = "Voltage"; Value = "50 ┬"; VariantName = "[No Variations]"
Added Component: Designator=C77(C_0603)
Add component (AddParameter): Name = "Manufacturer"; Value = "TDK Corporation"; VariantName = "[No Variations]"
Add component (AddParameter): Name = "Package"; Value = "0603"; VariantName = "[No Variations]"
Add component (AddParameter): Name = "Temp_Coef"; Value = "X7R"; VariantName = "[No Variations]"
Add component (AddParameter): Name = "Tolerance"; Value = "10%"; VariantName = "[No Variations]"
Add component (AddParameter): Name = "Value"; Value = "100n"; VariantName = "[No Variations]"
Add component (AddParameter): Name = "Voltage"; Value = "50 ┬"; VariantName = "[No Variations]"
Added Component: Designator=DA1(SOT-23-6L)
Add component (AddParameter): Name = "Manufacturer"; Value = "STMicroelectronics"; VariantName = "[No Variations]"
Add component (AddParameter): Name = "Name"; Value = "USBLC6-2SC6"; VariantName = "[No Variations]"
Added Component: Designator=DD1(STM32F407VGT6)
Add component (AddParameter): Name = "Manufacturer"; Value = "STMicroelectronics"; VariantName = "[No Variations]"
Add component (AddParameter): Name = "Name"; Value = "STM32F407VGT6"; VariantName = "[No Variations]"
Added Component: Designator=DD2(LD3985M33R)
Add component (AddParameter): Name = "Manufacturer"; Value = "STMicroelectronics"; VariantName = "[No Variations]"
Add component (AddParameter): Name = "Name"; Value = "LD3985M33R"; VariantName = "[No Variations]"
Added Component: Designator=DD3(PCF8574TS)
Add component (AddParameter): Name = "Manufacturer"; Value = "NXP USA Inc."; VariantName = "[No Variations]"
Add component (AddParameter): Name = "Name"; Value = "PCF8574T"; VariantName = "[No Variations]"
Added Component: Designator=DD4(MAX9814)
Add component (AddParameter): Name = "Manufacturer"; Value = "Analog Devices Inc./Maxim Integrated"; VariantName = "[No Variations]"
Add component (AddParameter): Name = "Name"; Value = "MAX9814ETD+T"; VariantName = "[No Variations]"
Added Component: Designator=DD5(CS43L22)
Add component (AddParameter): Name = "Manufaturer"; Value = "Cirrus Logic Inc."; VariantName = "[No Variations]"
Add component (AddParameter): Name = "Name"; Value = "CS43L22"; VariantName = "[No Variations]"
Added Component: Designator=DD6(MP45DT02)
Add component (AddParameter): Name = "Manufacturer"; Value = "STMicroelectronics"; VariantName = "[No Variations]"
Add component (AddParameter): Name = "Name"; Value = "MP45DT02"; VariantName = "[No Variations]"
Added Component: Designator=DD8(28-SSOP)
Add component (AddParameter): Name = "Manufacturer"; Value = "Tontek Design Technology"; VariantName = "[No Variations]"
Add component (AddParameter): Name = "Package"; Value = "28-SSOP"; VariantName = "[No Variations]"
Add component (AddParameter): Name = "Part Number"; Value = "TTP229-B"; VariantName = "[No Variations]"
Added Component: Designator=DD9(W25QxxxJVEIQ-127P800X80_MED)
Add component (AddParameter): Name = "Manufacturer"; Value = "Winbond Electronics"; VariantName = "[No Variations]"
Add component (AddParameter): Name = "Package"; Value = "SOIC-8"; VariantName = "[No Variations]"
Add component (AddParameter): Name = "Part Number"; Value = "W25Q32FVSSIG"; VariantName = "[No Variations]"
Added Component: Designator=DD10(QFN-28_5x5mm)
Add component (AddParameter): Name = "Manufacturer"; Value = "Silicon Labs"; VariantName = "[No Variations]"
Add component (AddParameter): Name = "Package"; Value = "QFN-28 Silicon Labs"; VariantName = "[No Variations]"
Add component (AddParameter): Name = "Part Number"; Value = "CP2102-GM"; VariantName = "[No Variations]"
Added Component: Designator=DD11(XDCR_COM-09032)
Add component (AddParameter): Name = "Availability"; Value = "Unavailable"; VariantName = "[No Variations]"
Add component (AddParameter): Name = "Manufacturer"; Value = "SparkFun Electronics"; VariantName = "[No Variations]"
Add component (AddParameter): Name = "Part Number"; Value = "COM-09032"; VariantName = "[No Variations]"
Added Component: Designator=HL1(LED)
Add component (AddParameter): Name = "Manufacturer"; Value = "Cree LED"; VariantName = "[No Variations]"
Add component (AddParameter): Name = "Name"; Value = "XPEBFR-LS-0000-00A01"; VariantName = "[No Variations]"
Added Component: Designator=HL2(LED)
Add component (AddParameter): Name = "Manufacturer"; Value = "Cree LED"; VariantName = "[No Variations]"
Add component (AddParameter): Name = "Name"; Value = "XPEBFR-LS-0000-00A01"; VariantName = "[No Variations]"
Added Component: Designator=HL3(LED)
Add component (AddParameter): Name = "Manufacturer"; Value = "Cree LED"; VariantName = "[No Variations]"
Add component (AddParameter): Name = "Name"; Value = "XPEBFR-LS-0000-00A01"; VariantName = "[No Variations]"
Added Component: Designator=HL4(LED)
Add component (AddParameter): Name = "Manufacturer"; Value = "Cree LED"; VariantName = "[No Variations]"
Add component (AddParameter): Name = "Name"; Value = "XPEBFR-LS-0000-00A01"; VariantName = "[No Variations]"
Added Component: Designator=HL5(lcd)
Add component (AddParameter): Name = "Manufacturer"; Value = "Shenzhen Eone Electronics"; VariantName = "[No Variations]"
Add component (AddParameter): Name = "Name"; Value = "2004A-v1.1"; VariantName = "[No Variations]"
Added Component: Designator=HL6(LED)
Add component (AddParameter): Name = "Manufacturer"; Value = "Cree LED"; VariantName = "[No Variations]"
Add component (AddParameter): Name = "Name"; Value = "XPEBFR-LS-0000-00A01"; VariantName = "[No Variations]"
Added Component: Designator=L1(INDUCTION)
Add component (AddParameter): Name = "Manufacturer"; Value = "TAI-TECH Advanced Electronics Co., Ltd."; VariantName = "[No Variations]"
Add component (AddParameter): Name = "Name"; Value = "FCM 1608KF-601T03"; VariantName = "[No Variations]"
Added Component: Designator=L2(FB0603)
Add component (AddParameter): Name = "Manufacturer"; Value = "TAI-TECH Advanced Electronics Co., Ltd."; VariantName = "[No Variations]"
Add component (AddParameter): Name = "Name"; Value = "FCM 1608KF-601T03"; VariantName = "[No Variations]"
Added Component: Designator=R30(RHEOSTAT)
Add component (AddParameter): Name = "Manufacturer"; Value = "Bourns Inc."; VariantName = "[No Variations]"
Add component (AddParameter): Name = "Name"; Value = "PTV09A-2015U-B103"; VariantName = "[No Variations]"
Added Component: Designator=R60(RESISTOR_NETWORKS)
Add component (AddParameter): Name = "Manufacturer"; Value = "Keystone Electronics"; VariantName = "[No Variations]"
Add component (AddParameter): Name = "Package"; Value = "0603"; VariantName = "[No Variations]"
Add component (AddParameter): Name = "Power"; Value = "0 ┬"; VariantName = "[No Variations]"
Add component (AddParameter): Name = "Tolerance"; Value = "1%"; VariantName = "[No Variations]"
Add component (AddParameter): Name = "Value"; Value = "1M"; VariantName = "[No Variations]"
Added Component: Designator=R61(RESISTOR_NETWORKS)
Add component (AddParameter): Name = "Manufacturer"; Value = "Keystone Electronics"; VariantName = "[No Variations]"
Add component (AddParameter): Name = "Package"; Value = "0603"; VariantName = "[No Variations]"
Add component (AddParameter): Name = "Power"; Value = "0 ┬"; VariantName = "[No Variations]"
Add component (AddParameter): Name = "Tolerance"; Value = "1%"; VariantName = "[No Variations]"
Add component (AddParameter): Name = "Value"; Value = "1M"; VariantName = "[No Variations]"
Added Component: Designator=SB1(button2)
Add component (AddParameter): Name = "Manufacturer"; Value = "Wurth Elektronik"; VariantName = "[No Variations]"
Add component (AddParameter): Name = "Name"; Value = "430182043816"; VariantName = "[No Variations]"
Added Component: Designator=SB2(button2)
Add component (AddParameter): Name = "Manufacturer"; Value = "Wurth Elektronik"; VariantName = "[No Variations]"
Add component (AddParameter): Name = "Name"; Value = "430182043816"; VariantName = "[No Variations]"
Added Component: Designator=TP1(PAD-1.25mm)
Added Component: Designator=TP2(PAD-1.25mm)
Added Component: Designator=TP3(PAD-1.25mm)
Added Component: Designator=TP4(PAD-1.25mm)
Added Component: Designator=TP5(PAD-1.25mm)
Added Component: Designator=TP6(PAD-1.25mm)
Added Component: Designator=TP7(PAD-1.25mm)
Added Component: Designator=TP8(PAD-1.25mm)
Added Component: Designator=TP9(PAD-1.25mm)
Added Component: Designator=TP10(PAD-1.25mm)
Added Component: Designator=TP11(PAD-1.25mm)
Added Component: Designator=TP12(PAD-1.25mm)
Added Component: Designator=TP13(PAD-1.25mm)
Added Component: Designator=TP14(PAD-1.25mm)
Added Component: Designator=TP15(PAD-1.25mm)
Added Component: Designator=TP16(PAD-1.25mm)
Added Component: Designator=VD1(BAT60JFILM)
Add component (AddParameter): Name = "Manufacturer"; Value = "STMicroelectronics"; VariantName = "[No Variations]"
Add component (AddParameter): Name = "Name"; Value = "BAT60JFILM"; VariantName = "[No Variations]"
Added Component: Designator=VD2(BAT60JFILM)
Add component (AddParameter): Name = "Manufacturer"; Value = "STMicroelectronics"; VariantName = "[No Variations]"
Add component (AddParameter): Name = "Name"; Value = ""; VariantName = "[No Variations]"
Added Component: Designator=VT1(SOT-23)
Add component (AddParameter): Name = "Manufacturer"; Value = "onsemi"; VariantName = "[No Variations]"
Add component (AddParameter): Name = "Name"; Value = "MMBTA06LT1G"; VariantName = "[No Variations]"
Added Component: Designator=VT2(SOT-23)
Add component (AddParameter): Name = "Manufacturer"; Value = "onsemi"; VariantName = "[No Variations]"
Add component (AddParameter): Name = "Name"; Value = "MMBTA06LT1G"; VariantName = "[No Variations]"
Added Component: Designator=VT3(SOT-23)
Add component (AddParameter): Name = "Manufacturer"; Value = "onsemi"; VariantName = "[No Variations]"
Add component (AddParameter): Name = "Name"; Value = "MMBTA06LT1G"; VariantName = "[No Variations]"
Added Component: Designator=XP1(xp9)
Add component (AddParameter): Name = "Manufacturer"; Value = "Samtec Inc."; VariantName = "[No Variations]"
Add component (AddParameter): Name = "Name"; Value = "TS-111-T-AA"; VariantName = "[No Variations]"
Added Component: Designator=XP2(xp8)
Add component (AddParameter): Name = "Manufacturer"; Value = "Samtec Inc."; VariantName = "[No Variations]"
Add component (AddParameter): Name = "Name"; Value = "TS-111-T-AA"; VariantName = "[No Variations]"
Added Component: Designator=XP3(xp4)
Add component (AddParameter): Name = "Manufacturer"; Value = "Samtec Inc."; VariantName = "[No Variations]"
Add component (AddParameter): Name = "Name"; Value = "TS-104-T-A"; VariantName = "[No Variations]"
Added Component: Designator=XS1(XS_AUDIO)
Add component (AddParameter): Name = "Manufacturer"; Value = "Same Sky (Formerly CUI Devices)"; VariantName = "[No Variations]"
Add component (AddParameter): Name = "Name"; Value = "SJ1-2503A"; VariantName = "[No Variations]"
Added Component: Designator=XS2(SAMESKY_UJ20-C-H-G-SMT-1-P16-TR)
Add component (AddParameter): Name = "Manufacturer"; Value = "Same Sky"; VariantName = "[No Variations]"
Add component (AddParameter): Name = "Part Number"; Value = "UJ20-C-H-G-SMT-TR"; VariantName = "[No Variations]"
Added Component: Designator=XS3(MICRO_USB)
Add component (AddParameter): Name = "Manufacturer"; Value = "Amphenol ICC (FCI)"; VariantName = "[No Variations]"
Add component (AddParameter): Name = "Name"; Value = "10104110-0001LF"; VariantName = "[No Variations]"
Added Component: Designator=ZQ1(Oscillator)
Add component (AddParameter): Name = "Manufacturer"; Value = "ECS Inc."; VariantName = "[No Variations]"
Add component (AddParameter): Name = "Name"; Value = "ECS-2520MV-080-CN-TR"; VariantName = "[No Variations]"
Added Component: Designator=ZQ2(O2_768KHZ)
Add component (AddParameter): Name = "Manufacturer"; Value = "Abracon LLC"; VariantName = "[No Variations]"
Add component (AddParameter): Name = "Name"; Value = "ABS25-32.768KHZ-6-T"; VariantName = "[No Variations]"
Added Pin To Net: NetName=3V3 Pin=C13-2
Added Pin To Net: NetName=3V3 Pin=C14-2
Added Pin To Net: NetName=3V3 Pin=C15-2
Added Pin To Net: NetName=3V3 Pin=C16-2
Added Pin To Net: NetName=3V3 Pin=C17-2
Added Pin To Net: NetName=3V3 Pin=C18-2
Added Pin To Net: NetName=3V3 Pin=C19-2
Added Pin To Net: NetName=3V3 Pin=C20-2
Added Pin To Net: NetName=3V3 Pin=C33-2
Added Pin To Net: NetName=3V3 Pin=C34-2
Added Pin To Net: NetName=3V3 Pin=C35-2
Added Pin To Net: NetName=3V3 Pin=C37-2
Added Pin To Net: NetName=3V3 Pin=C42-1
Added Pin To Net: NetName=3V3 Pin=C43-2
Added Pin To Net: NetName=3V3 Pin=C44-2
Added Pin To Net: NetName=3V3 Pin=C46-2
Added Pin To Net: NetName=3V3 Pin=C47-2
Added Pin To Net: NetName=3V3 Pin=C48-2
Added Pin To Net: NetName=3V3 Pin=C49-2
Added Pin To Net: NetName=3V3 Pin=C52-1
Added Pin To Net: NetName=3V3 Pin=C53-1
Added Pin To Net: NetName=3V3 Pin=C56-2
Added Pin To Net: NetName=3V3 Pin=C57-2
Added Pin To Net: NetName=3V3 Pin=C58-2
Added Pin To Net: NetName=3V3 Pin=C60-2
Added Pin To Net: NetName=3V3 Pin=C66-2
Added Pin To Net: NetName=3V3 Pin=C67-2
Added Pin To Net: NetName=3V3 Pin=C68-2
Added Pin To Net: NetName=3V3 Pin=C69-1
Added Pin To Net: NetName=3V3 Pin=C76-2
Added Pin To Net: NetName=3V3 Pin=C77-1
Added Pin To Net: NetName=3V3 Pin=DD1-11
Added Pin To Net: NetName=3V3 Pin=DD1-19
Added Pin To Net: NetName=3V3 Pin=DD1-28
Added Pin To Net: NetName=3V3 Pin=DD1-50
Added Pin To Net: NetName=3V3 Pin=DD1-75
Added Pin To Net: NetName=3V3 Pin=DD1-100
Added Pin To Net: NetName=3V3 Pin=DD4-2
Added Pin To Net: NetName=3V3 Pin=DD4-10
Added Pin To Net: NetName=3V3 Pin=DD5-5
Added Pin To Net: NetName=3V3 Pin=DD5-8
Added Pin To Net: NetName=3V3 Pin=DD5-13
Added Pin To Net: NetName=3V3 Pin=DD5-16
Added Pin To Net: NetName=3V3 Pin=DD5-33
Added Pin To Net: NetName=3V3 Pin=DD5-34
Added Pin To Net: NetName=3V3 Pin=DD6-4
Added Pin To Net: NetName=3V3 Pin=DD8-26
Added Pin To Net: NetName=3V3 Pin=DD9-8
Added Pin To Net: NetName=3V3 Pin=DD10-6
Added Pin To Net: NetName=3V3 Pin=DD10-7
Added Pin To Net: NetName=3V3 Pin=DD11-H1
Added Pin To Net: NetName=3V3 Pin=DD11-V1
Added Pin To Net: NetName=3V3 Pin=L1-1
Added Pin To Net: NetName=3V3 Pin=VD1-2
Added Pin To Net: NetName=3V3 Pin=XP1-4
Added Pin To Net: NetName=3V3 Pin=XP2-2
Added Pin To Net: NetName=3V3 Pin=XP3-3
Added Net: Name=3V3
Added Pin To Net: NetName=5V Pin=C3-2
Added Pin To Net: NetName=5V Pin=C6-2
Added Pin To Net: NetName=5V Pin=C24-2
Added Pin To Net: NetName=5V Pin=DD2-1
Added Pin To Net: NetName=5V Pin=DD2-3
Added Pin To Net: NetName=5V Pin=DD3-16
Added Pin To Net: NetName=5V Pin=HL5-2
Added Pin To Net: NetName=5V Pin=VD2-2
Added Net: Name=5V
Added Pin To Net: NetName=BL- Pin=HL5-16
Added Pin To Net: NetName=BL- Pin=VT1-1
Added Net: Name=BL-
Added Pin To Net: NetName=BOOT Pin=DD1-94
Added Pin To Net: NetName=BOOT Pin=SB1-2
Added Net: Name=BOOT
Added Net: Name=CHIP_PU
Added Pin To Net: NetName=CLK Pin=DD9-6
Added Net: Name=CLK
Added Pin To Net: NetName=DB5 Pin=DD3-10
Added Pin To Net: NetName=DB5 Pin=HL5-12
Added Net: Name=DB5
Added Pin To Net: NetName=DB6 Pin=DD3-11
Added Pin To Net: NetName=DB6 Pin=HL5-13
Added Net: Name=DB6
Added Pin To Net: NetName=DB7 Pin=DD3-12
Added Pin To Net: NetName=DB7 Pin=HL5-14
Added Net: Name=DB7
Added Pin To Net: NetName=DTR Pin=DD10-28
Added Pin To Net: NetName=DTR Pin=VT3-2
Added Net: Name=DTR
Added Pin To Net: NetName=ESP_RX Pin=DD1-25
Added Net: Name=ESP_RX
Added Pin To Net: NetName=ESP_TX Pin=DD1-26
Added Net: Name=ESP_TX
Added Pin To Net: NetName=E Pin=DD3-6
Added Pin To Net: NetName=E Pin=HL5-6
Added Net: Name=E
Added Pin To Net: NetName=GND Pin=C1-2
Added Pin To Net: NetName=GND Pin=C2-1
Added Pin To Net: NetName=GND Pin=C3-1
Added Pin To Net: NetName=GND Pin=C4-1
Added Pin To Net: NetName=GND Pin=C5-1
Added Pin To Net: NetName=GND Pin=C6-1
Added Pin To Net: NetName=GND Pin=C7-1
Added Pin To Net: NetName=GND Pin=C8-1
Added Pin To Net: NetName=GND Pin=C9-2
Added Pin To Net: NetName=GND Pin=C10-2
Added Pin To Net: NetName=GND Pin=C11-1
Added Pin To Net: NetName=GND Pin=C12-1
Added Pin To Net: NetName=GND Pin=C13-1
Added Pin To Net: NetName=GND Pin=C14-1
Added Pin To Net: NetName=GND Pin=C15-1
Added Pin To Net: NetName=GND Pin=C16-1
Added Pin To Net: NetName=GND Pin=C17-1
Added Pin To Net: NetName=GND Pin=C18-1
Added Pin To Net: NetName=GND Pin=C19-1
Added Pin To Net: NetName=GND Pin=C20-1
Added Pin To Net: NetName=GND Pin=C21-1
Added Pin To Net: NetName=GND Pin=C22-2
Added Pin To Net: NetName=GND Pin=C23-2
Added Pin To Net: NetName=GND Pin=C24-1
Added Pin To Net: NetName=GND Pin=C25-2
Added Pin To Net: NetName=GND Pin=C26-2
Added Pin To Net: NetName=GND Pin=C27-2
Added Pin To Net: NetName=GND Pin=C28-2
Added Pin To Net: NetName=GND Pin=C30-2
Added Pin To Net: NetName=GND Pin=C33-1
Added Pin To Net: NetName=GND Pin=C34-1
Added Pin To Net: NetName=GND Pin=C35-1
Added Pin To Net: NetName=GND Pin=C37-1
Added Pin To Net: NetName=GND Pin=C39-1
Added Pin To Net: NetName=GND Pin=C40-1
Added Pin To Net: NetName=GND Pin=C42-2
Added Pin To Net: NetName=GND Pin=C43-1
Added Pin To Net: NetName=GND Pin=C44-1
Added Pin To Net: NetName=GND Pin=C46-1
Added Pin To Net: NetName=GND Pin=C47-1
Added Pin To Net: NetName=GND Pin=C48-1
Added Pin To Net: NetName=GND Pin=C49-1
Added Pin To Net: NetName=GND Pin=C50-1
Added Pin To Net: NetName=GND Pin=C51-2
Added Pin To Net: NetName=GND Pin=C52-2
Added Pin To Net: NetName=GND Pin=C53-2
Added Pin To Net: NetName=GND Pin=C54-2
Added Pin To Net: NetName=GND Pin=C55-2
Added Pin To Net: NetName=GND Pin=C56-1
Added Pin To Net: NetName=GND Pin=C57-1
Added Pin To Net: NetName=GND Pin=C58-1
Added Pin To Net: NetName=GND Pin=C59-1
Added Pin To Net: NetName=GND Pin=C60-1
Added Pin To Net: NetName=GND Pin=C63-1
Added Pin To Net: NetName=GND Pin=C65-2
Added Pin To Net: NetName=GND Pin=C66-1
Added Pin To Net: NetName=GND Pin=C67-1
Added Pin To Net: NetName=GND Pin=C68-1
Added Pin To Net: NetName=GND Pin=C69-2
Added Pin To Net: NetName=GND Pin=C70-1
Added Pin To Net: NetName=GND Pin=C71-2
Added Pin To Net: NetName=GND Pin=C72-1
Added Pin To Net: NetName=GND Pin=C73-2
Added Pin To Net: NetName=GND Pin=C74-1
Added Pin To Net: NetName=GND Pin=C75-1
Added Pin To Net: NetName=GND Pin=C76-1
Added Pin To Net: NetName=GND Pin=C77-2
Added Pin To Net: NetName=GND Pin=DD1-10
Added Pin To Net: NetName=GND Pin=DD1-20
Added Pin To Net: NetName=GND Pin=DD1-27
Added Pin To Net: NetName=GND Pin=DD1-74
Added Pin To Net: NetName=GND Pin=DD2-2
Added Pin To Net: NetName=GND Pin=DD3-8
Added Pin To Net: NetName=GND Pin=DD3-13
Added Pin To Net: NetName=GND Pin=DD4-7
Added Pin To Net: NetName=GND Pin=DD4-9
Added Pin To Net: NetName=GND Pin=DD5-3
Added Pin To Net: NetName=GND Pin=DD5-17
Added Pin To Net: NetName=GND Pin=DD5-31
Added Pin To Net: NetName=GND Pin=DD5-35
Added Pin To Net: NetName=GND Pin=DD5-41
Added Pin To Net: NetName=GND Pin=DD6-1
Added Pin To Net: NetName=GND Pin=DD6-3
Added Pin To Net: NetName=GND Pin=DD8-27
Added Pin To Net: NetName=GND Pin=DD9-4
Added Pin To Net: NetName=GND Pin=DD9-9
Added Pin To Net: NetName=GND Pin=DD10-3
Added Pin To Net: NetName=GND Pin=DD11-B2A
Added Pin To Net: NetName=GND Pin=DD11-H3
Added Pin To Net: NetName=GND Pin=DD11-S1
Added Pin To Net: NetName=GND Pin=DD11-S2
Added Pin To Net: NetName=GND Pin=DD11-S3
Added Pin To Net: NetName=GND Pin=DD11-S4
Added Pin To Net: NetName=GND Pin=DD11-V3
Added Pin To Net: NetName=GND Pin=HL1-2
Added Pin To Net: NetName=GND Pin=HL2-2
Added Pin To Net: NetName=GND Pin=HL3-2
Added Pin To Net: NetName=GND Pin=HL4-2
Added Pin To Net: NetName=GND Pin=HL5-1
Added Pin To Net: NetName=GND Pin=HL5-7
Added Pin To Net: NetName=GND Pin=HL5-8
Added Pin To Net: NetName=GND Pin=HL5-9
Added Pin To Net: NetName=GND Pin=HL5-10
Added Pin To Net: NetName=GND Pin=HL5-15
Added Pin To Net: NetName=GND Pin=HL6-2
Added Pin To Net: NetName=GND Pin=L2-1
Added Pin To Net: NetName=GND Pin=R60-1
Added Pin To Net: NetName=GND Pin=R60-2
Added Pin To Net: NetName=GND Pin=R60-3
Added Pin To Net: NetName=GND Pin=R60-4
Added Pin To Net: NetName=GND Pin=R61-1
Added Pin To Net: NetName=GND Pin=R61-2
Added Pin To Net: NetName=GND Pin=R61-3
Added Pin To Net: NetName=GND Pin=R61-4
Added Pin To Net: NetName=GND Pin=SB1-1
Added Pin To Net: NetName=GND Pin=SB2-1
Added Pin To Net: NetName=GND Pin=VT1-2
Added Pin To Net: NetName=GND Pin=XP1-6
Added Pin To Net: NetName=GND Pin=XP1-9
Added Pin To Net: NetName=GND Pin=XP2-8
Added Pin To Net: NetName=GND Pin=XP3-4
Added Pin To Net: NetName=GND Pin=XS2-B1_A12
Added Pin To Net: NetName=GND Pin=XS2-A1_B12
Added Pin To Net: NetName=GND Pin=XS2-A1_B12
Added Pin To Net: NetName=GND Pin=XS2-B1_A12
Added Pin To Net: NetName=GND Pin=XS2-MS
Added Pin To Net: NetName=GND Pin=XS2-MS
Added Pin To Net: NetName=GND Pin=XS2-MS
Added Pin To Net: NetName=GND Pin=XS2-MS
Added Pin To Net: NetName=GND Pin=XS3-5
Added Pin To Net: NetName=GND Pin=XS3-SH1
Added Pin To Net: NetName=GND Pin=XS3-SH2
Added Pin To Net: NetName=GND Pin=XS3-SH3
Added Pin To Net: NetName=GND Pin=XS3-SH4
Added Pin To Net: NetName=GND Pin=ZQ2-2
Added Pin To Net: NetName=GND Pin=ZQ2-4
Added Net: Name=GND
Added Net: Name=GPIO0
Added Net: Name=MICBIAS
Added Pin To Net: NetName=NetA1_1 Pin=A1-1
Added Pin To Net: NetName=NetA1_1 Pin=C61-2
Added Pin To Net: NetName=NetA1_1 Pin=C63-2
Added Net: Name=NetA1_1
Added Pin To Net: NetName=NetC1_1 Pin=C1-1
Added Pin To Net: NetName=NetC1_1 Pin=C2-2
Added Pin To Net: NetName=NetC1_1 Pin=DD1-21
Added Net: Name=NetC1_1
Added Pin To Net: NetName=NetC4_2 Pin=C4-2
Added Pin To Net: NetName=NetC4_2 Pin=C8-2
Added Pin To Net: NetName=NetC4_2 Pin=DD2-5
Added Pin To Net: NetName=NetC4_2 Pin=VD1-1
Added Net: Name=NetC4_2
Added Pin To Net: NetName=NetC5_2 Pin=C5-2
Added Pin To Net: NetName=NetC5_2 Pin=DD1-49
Added Net: Name=NetC5_2
Added Pin To Net: NetName=NetC7_2 Pin=C7-2
Added Pin To Net: NetName=NetC7_2 Pin=DD2-4
Added Net: Name=NetC7_2
Added Pin To Net: NetName=NetC9_1 Pin=C9-1
Added Pin To Net: NetName=NetC9_1 Pin=C10-1
Added Pin To Net: NetName=NetC9_1 Pin=DD1-22
Added Pin To Net: NetName=NetC9_1 Pin=L1-2
Added Net: Name=NetC9_1
Added Pin To Net: NetName=NetC12_2 Pin=C12-2
Added Pin To Net: NetName=NetC12_2 Pin=DD1-73
Added Net: Name=NetC12_2
Added Pin To Net: NetName=NetC21_2 Pin=C21-2
Added Pin To Net: NetName=NetC21_2 Pin=DD1-6
Added Net: Name=NetC21_2
Added Pin To Net: NetName=NetC22_1 Pin=C22-1
Added Pin To Net: NetName=NetC22_1 Pin=ZQ1-1
Added Net: Name=NetC22_1
Added Pin To Net: NetName=NetC23_1 Pin=C23-1
Added Pin To Net: NetName=NetC23_1 Pin=ZQ1-2
Added Net: Name=NetC23_1
Added Pin To Net: NetName=NetC25_1 Pin=C25-1
Added Pin To Net: NetName=NetC25_1 Pin=DD4-12
Added Net: Name=NetC25_1
Added Pin To Net: NetName=NetC26_1 Pin=C26-1
Added Pin To Net: NetName=NetC26_1 Pin=DD4-5
Added Net: Name=NetC26_1
Added Pin To Net: NetName=NetC27_1 Pin=C27-1
Added Pin To Net: NetName=NetC27_1 Pin=DD4-8
Added Net: Name=NetC27_1
Added Pin To Net: NetName=NetC28_1 Pin=C28-1
Added Pin To Net: NetName=NetC28_1 Pin=DD4-1
Added Net: Name=NetC28_1
Added Pin To Net: NetName=NetC29_1 Pin=C29-1
Added Pin To Net: NetName=NetC29_1 Pin=DD5-15
Added Pin To Net: NetName=NetC29_1 Pin=XS1-2
Added Net: Name=NetC29_1
Added Pin To Net: NetName=NetC29_2 Pin=C29-2
Added Net: Name=NetC29_2
Added Pin To Net: NetName=NetC30_1 Pin=C30-1
Added Pin To Net: NetName=NetC30_1 Pin=DD4-3
Added Net: Name=NetC30_1
Added Pin To Net: NetName=NetC31_1 Pin=C31-1
Added Pin To Net: NetName=NetC31_1 Pin=DD4-6
Added Net: Name=NetC31_1
Added Pin To Net: NetName=NetC31_2 Pin=C31-2
Added Net: Name=NetC31_2
Added Pin To Net: NetName=NetC32_1 Pin=C32-1
Added Pin To Net: NetName=NetC32_1 Pin=DD5-14
Added Pin To Net: NetName=NetC32_1 Pin=XS1-3
Added Net: Name=NetC32_1
Added Pin To Net: NetName=NetC32_2 Pin=C32-2
Added Net: Name=NetC32_2
Added Pin To Net: NetName=NetC36_1 Pin=C36-1
Added Pin To Net: NetName=NetC36_1 Pin=DD5-11
Added Net: Name=NetC36_1
Added Pin To Net: NetName=NetC36_2 Pin=C36-2
Added Pin To Net: NetName=NetC36_2 Pin=DD5-12
Added Net: Name=NetC36_2
Added Pin To Net: NetName=NetC38_1 Pin=C38-1
Added Net: Name=NetC38_1
Added Pin To Net: NetName=NetC38_2 Pin=C38-2
Added Net: Name=NetC38_2
Added Pin To Net: NetName=NetC39_2 Pin=C39-2
Added Pin To Net: NetName=NetC39_2 Pin=DD5-10
Added Net: Name=NetC39_2
Added Pin To Net: NetName=NetC40_2 Pin=C40-2
Added Pin To Net: NetName=NetC40_2 Pin=C45-1
Added Net: Name=NetC40_2
Added Pin To Net: NetName=NetC41_1 Pin=C41-1
Added Net: Name=NetC41_1
Added Pin To Net: NetName=NetC41_2 Pin=C41-2
Added Pin To Net: NetName=NetC41_2 Pin=C50-2
Added Net: Name=NetC41_2
Added Pin To Net: NetName=NetC45_2 Pin=C45-2
Added Net: Name=NetC45_2
Added Pin To Net: NetName=NetC51_1 Pin=C51-1
Added Pin To Net: NetName=NetC51_1 Pin=DD5-19
Added Net: Name=NetC51_1
Added Pin To Net: NetName=NetC54_1 Pin=C54-1
Added Pin To Net: NetName=NetC54_1 Pin=DD5-27
Added Net: Name=NetC54_1
Added Pin To Net: NetName=NetC55_1 Pin=C55-1
Added Pin To Net: NetName=NetC55_1 Pin=DD5-18
Added Net: Name=NetC55_1
Added Pin To Net: NetName=NetC59_2 Pin=C59-2
Added Pin To Net: NetName=NetC59_2 Pin=DD5-28
Added Net: Name=NetC59_2
Added Pin To Net: NetName=NetC61_1 Pin=C61-1
Added Pin To Net: NetName=NetC61_1 Pin=L2-2
Added Net: Name=NetC61_1
Added Pin To Net: NetName=NetC62_1 Pin=C62-1
Added Net: Name=NetC62_1
Added Pin To Net: NetName=NetC62_2 Pin=C62-2
Added Net: Name=NetC62_2
Added Pin To Net: NetName=NetC64_1 Pin=C64-1
Added Net: Name=NetC64_1
Added Pin To Net: NetName=NetC64_2 Pin=C64-2
Added Net: Name=NetC64_2
Added Pin To Net: NetName=NetC70_2 Pin=C70-2
Added Pin To Net: NetName=NetC70_2 Pin=DD8-4
Added Net: Name=NetC70_2
Added Pin To Net: NetName=NetC71_1 Pin=C71-1
Added Pin To Net: NetName=NetC71_1 Pin=DD8-23
Added Net: Name=NetC71_1
Added Pin To Net: NetName=NetC72_2 Pin=C72-2
Added Pin To Net: NetName=NetC72_2 Pin=DD8-9
Added Net: Name=NetC72_2
Added Pin To Net: NetName=NetC73_1 Pin=C73-1
Added Pin To Net: NetName=NetC73_1 Pin=DD8-17
Added Net: Name=NetC73_1
Added Pin To Net: NetName=NetDA1_1 Pin=DA1-1
Added Net: Name=NetDA1_1
Added Net: Name=NetDA1_9
Added Pin To Net: NetName=NetDD3_1 Pin=DD3-1
Added Net: Name=NetDD3_1
Added Pin To Net: NetName=NetDD3_2 Pin=DD3-2
Added Net: Name=NetDD3_2
Added Pin To Net: NetName=NetDD3_3 Pin=DD3-3
Added Net: Name=NetDD3_3
Added Pin To Net: NetName=NetDD3_7 Pin=DD3-7
Added Pin To Net: NetName=NetDD3_7 Pin=VT1-3
Added Net: Name=NetDD3_7
Added Pin To Net: NetName=NetDD4_13 Pin=DD4-13
Added Net: Name=NetDD4_13
Added Pin To Net: NetName=NetDD4_14 Pin=DD4-14
Added Net: Name=NetDD4_14
Added Pin To Net: NetName=NetDD5_21 Pin=DD5-21
Added Pin To Net: NetName=NetDD5_21 Pin=DD5-22
Added Net: Name=NetDD5_21
Added Pin To Net: NetName=NetDD5_29 Pin=DD5-29
Added Pin To Net: NetName=NetDD5_29 Pin=DD5-30
Added Net: Name=NetDD5_29
Added Pin To Net: NetName=NetDD6_2 Pin=DD6-2
Added Net: Name=NetDD6_2
Added Pin To Net: NetName=NetDD10_4 Pin=DD10-4
Added Pin To Net: NetName=NetDD10_4 Pin=XS3-2
Added Net: Name=NetDD10_4
Added Pin To Net: NetName=NetDD10_5 Pin=DD10-5
Added Pin To Net: NetName=NetDD10_5 Pin=XS3-3
Added Net: Name=NetDD10_5
Added Pin To Net: NetName=NetDD10_8 Pin=DD10-8
Added Pin To Net: NetName=NetDD10_8 Pin=XS3-1
Added Net: Name=NetDD10_8
Added Pin To Net: NetName=NetDD10_9 Pin=DD10-9
Added Net: Name=NetDD10_9
Added Pin To Net: NetName=NetDD10_25 Pin=DD10-25
Added Net: Name=NetDD10_25
Added Pin To Net: NetName=NetDD10_26 Pin=DD10-26
Added Net: Name=NetDD10_26
Added Pin To Net: NetName=NetHL1_1 Pin=HL1-1
Added Net: Name=NetHL1_1
Added Pin To Net: NetName=NetHL2_1 Pin=HL2-1
Added Net: Name=NetHL2_1
Added Pin To Net: NetName=NetHL3_1 Pin=HL3-1
Added Net: Name=NetHL3_1
Added Pin To Net: NetName=NetHL4_1 Pin=HL4-1
Added Net: Name=NetHL4_1
Added Pin To Net: NetName=NetHL5_3 Pin=HL5-3
Added Net: Name=NetHL5_3
Added Pin To Net: NetName=NetHL6_1 Pin=HL6-1
Added Net: Name=NetHL6_1
Added Net: Name=NetR14_1
Added Pin To Net: NetName=NetR18_2 Pin=XS1-1
Added Net: Name=NetR18_2
Added Net: Name=NetR39_2
Added Pin To Net: NetName=NetR42_1 Pin=XP1-1
Added Net: Name=NetR42_1
Added Pin To Net: NetName=NetR43_1 Pin=XP1-8
Added Net: Name=NetR43_1
Added Pin To Net: NetName=NetR44_2 Pin=XS2-A6
Added Pin To Net: NetName=NetR44_2 Pin=XS2-B6
Added Net: Name=NetR44_2
Added Pin To Net: NetName=NetR45_2 Pin=XS2-A7
Added Pin To Net: NetName=NetR45_2 Pin=XS2-B7
Added Net: Name=NetR45_2
Added Pin To Net: NetName=NetR46_1 Pin=VT2-1
Added Net: Name=NetR46_1
Added Pin To Net: NetName=NetR47_2 Pin=VT2-3
Added Net: Name=NetR47_2
Added Pin To Net: NetName=NetR48_2 Pin=XS2-B5
Added Net: Name=NetR48_2
Added Pin To Net: NetName=NetR49_2 Pin=XS2-A5
Added Net: Name=NetR49_2
Added Pin To Net: NetName=NetR53_2 Pin=VT3-3
Added Net: Name=NetR53_2
Added Pin To Net: NetName=NetR55_1 Pin=VT3-1
Added Net: Name=NetR55_1
Added Pin To Net: NetName=NRST Pin=C11-2
Added Pin To Net: NetName=NRST Pin=DD1-14
Added Pin To Net: NetName=NRST Pin=SB2-2
Added Net: Name=NRST
Added Pin To Net: NetName=PA4 Pin=DD1-29
Added Pin To Net: NetName=PA4 Pin=DD5-40
Added Net: Name=PA4
Added Pin To Net: NetName=PB6 Pin=DD1-92
Added Pin To Net: NetName=PB6 Pin=DD3-14
Added Pin To Net: NetName=PB6 Pin=DD5-2
Added Net: Name=PB6
Added Pin To Net: NetName=PB9 Pin=DD1-96
Added Pin To Net: NetName=PB9 Pin=DD3-15
Added Pin To Net: NetName=PB9 Pin=DD5-1
Added Net: Name=PB9
Added Pin To Net: NetName=PB10 Pin=DD1-47
Added Pin To Net: NetName=PB10 Pin=DD6-6
Added Pin To Net: NetName=PB10 Pin=XP1-5
Added Pin To Net: NetName=PB10 Pin=XP2-6
Added Net: Name=PB10
Added Pin To Net: NetName=PB12 Pin=DD1-51
Added Pin To Net: NetName=PB12 Pin=XP2-4
Added Net: Name=PB12
Added Pin To Net: NetName=PB13 Pin=DD1-52
Added Pin To Net: NetName=PB13 Pin=XP1-2
Added Net: Name=PB13
Added Pin To Net: NetName=PB14 Pin=DD1-53
Added Pin To Net: NetName=PB14 Pin=XP1-7
Added Pin To Net: NetName=PB14 Pin=XP2-7
Added Net: Name=PB14
Added Pin To Net: NetName=PB15 Pin=DD1-54
Added Pin To Net: NetName=PB15 Pin=XP1-3
Added Pin To Net: NetName=PB15 Pin=XP2-5
Added Net: Name=PB15
Added Pin To Net: NetName=PC1 Pin=DD1-16
Added Pin To Net: NetName=PC1 Pin=DD11-H2
Added Net: Name=PC1
Added Pin To Net: NetName=PC2 Pin=DD1-17
Added Pin To Net: NetName=PC2 Pin=DD11-V2
Added Net: Name=PC2
Added Pin To Net: NetName=PC3 Pin=DD1-18
Added Pin To Net: NetName=PC3 Pin=DD6-5
Added Net: Name=PC3
Added Pin To Net: NetName=PC4 Pin=DD1-33
Added Net: Name=PC4
Added Pin To Net: NetName=PC7 Pin=DD1-64
Added Pin To Net: NetName=PC7 Pin=DD5-37
Added Net: Name=PC7
Added Pin To Net: NetName=PC10 Pin=DD1-78
Added Pin To Net: NetName=PC10 Pin=DD5-38
Added Net: Name=PC10
Added Pin To Net: NetName=PC12 Pin=DD1-80
Added Pin To Net: NetName=PC12 Pin=DD5-39
Added Net: Name=PC12
Added Pin To Net: NetName=PD4 Pin=DD1-85
Added Pin To Net: NetName=PD4 Pin=DD5-32
Added Net: Name=PD4
Added Pin To Net: NetName=PD12 Pin=DD1-59
Added Net: Name=PD12
Added Pin To Net: NetName=PD13 Pin=DD1-60
Added Net: Name=PD13
Added Pin To Net: NetName=PD14 Pin=DD1-61
Added Net: Name=PD14
Added Pin To Net: NetName=PD15 Pin=DD1-62
Added Net: Name=PD15
Added Pin To Net: NetName=PE8 Pin=DD1-39
Added Pin To Net: NetName=PE8 Pin=XP3-2
Added Net: Name=PE8
Added Pin To Net: NetName=PE9 Pin=DD1-40
Added Pin To Net: NetName=PE9 Pin=XP3-1
Added Net: Name=PE9
Added Pin To Net: NetName=PE10 Pin=DD1-41
Added Pin To Net: NetName=PE10 Pin=DD11-B1A
Added Net: Name=PE10
Added Pin To Net: NetName=PH0 Pin=DD1-12
Added Net: Name=PH0
Added Pin To Net: NetName=PH1 Pin=DD1-13
Added Net: Name=PH1
Added Pin To Net: NetName=R/W Pin=DD3-5
Added Pin To Net: NetName=R/W Pin=HL5-5
Added Net: Name=R/W
Added Pin To Net: NetName=RS Pin=DD3-4
Added Pin To Net: NetName=RS Pin=HL5-4
Added Net: Name=RS
Added Pin To Net: NetName=RTS Pin=DD10-24
Added Pin To Net: NetName=RTS Pin=VT2-2
Added Net: Name=RTS
Added Net: Name=RX
Added Pin To Net: NetName=SCS Pin=DD9-1
Added Net: Name=SCS
Added Pin To Net: NetName=SDI Pin=DD9-5
Added Net: Name=SDI
Added Pin To Net: NetName=SDO Pin=DD9-2
Added Net: Name=SDO
Added Pin To Net: NetName=SHD Pin=DD9-7
Added Net: Name=SHD
Added Pin To Net: NetName=SWP Pin=DD9-3
Added Net: Name=SWP
Added Pin To Net: NetName=TP0 Pin=DD8-6
Added Pin To Net: NetName=TP0 Pin=R61-5
Added Pin To Net: NetName=TP0 Pin=TP16-1
Added Net: Name=TP0
Added Pin To Net: NetName=TP1 Pin=DD8-5
Added Pin To Net: NetName=TP1 Pin=R61-6
Added Pin To Net: NetName=TP1 Pin=TP15-1
Added Net: Name=TP1
Added Pin To Net: NetName=TP2 Pin=DD8-2
Added Pin To Net: NetName=TP2 Pin=R61-7
Added Pin To Net: NetName=TP2 Pin=TP14-1
Added Net: Name=TP2
Added Pin To Net: NetName=TP3 Pin=DD8-1
Added Pin To Net: NetName=TP3 Pin=R61-8
Added Pin To Net: NetName=TP3 Pin=TP13-1
Added Net: Name=TP3
Added Pin To Net: NetName=TP4 Pin=DD8-25
Added Pin To Net: NetName=TP4 Pin=R60-5
Added Pin To Net: NetName=TP4 Pin=TP12-1
Added Net: Name=TP4
Added Pin To Net: NetName=TP5 Pin=DD8-24
Added Pin To Net: NetName=TP5 Pin=R60-6
Added Pin To Net: NetName=TP5 Pin=TP11-1
Added Net: Name=TP5
Added Pin To Net: NetName=TP6 Pin=DD8-22
Added Pin To Net: NetName=TP6 Pin=R60-7
Added Pin To Net: NetName=TP6 Pin=TP10-1
Added Net: Name=TP6
Added Pin To Net: NetName=TP7 Pin=DD8-21
Added Pin To Net: NetName=TP7 Pin=R60-8
Added Pin To Net: NetName=TP7 Pin=TP9-1
Added Net: Name=TP7
Added Pin To Net: NetName=TP8 Pin=DD8-19
Added Pin To Net: NetName=TP8 Pin=TP8-1
Added Net: Name=TP8
Added Pin To Net: NetName=TP9 Pin=DD8-18
Added Pin To Net: NetName=TP9 Pin=TP7-1
Added Net: Name=TP9
Added Pin To Net: NetName=TP10 Pin=DD8-16
Added Pin To Net: NetName=TP10 Pin=TP6-1
Added Net: Name=TP10
Added Pin To Net: NetName=TP11 Pin=DD8-15
Added Pin To Net: NetName=TP11 Pin=TP5-1
Added Net: Name=TP11
Added Pin To Net: NetName=TP12 Pin=DD8-11
Added Pin To Net: NetName=TP12 Pin=TP4-1
Added Net: Name=TP12
Added Pin To Net: NetName=TP13 Pin=DD8-10
Added Pin To Net: NetName=TP13 Pin=TP3-1
Added Net: Name=TP13
Added Pin To Net: NetName=TP14 Pin=DD8-8
Added Pin To Net: NetName=TP14 Pin=TP2-1
Added Net: Name=TP14
Added Pin To Net: NetName=TP15 Pin=DD8-7
Added Pin To Net: NetName=TP15 Pin=TP1-1
Added Net: Name=TP15
Added Net: Name=TX
Added Pin To Net: NetName=USB_OTG_FC_DM Pin=DA1-4
Added Pin To Net: NetName=USB_OTG_FC_DM Pin=DD1-70
Added Net: Name=USB_OTG_FC_DM
Added Pin To Net: NetName=USB_OTG_FC_DP Pin=DA1-6
Added Pin To Net: NetName=USB_OTG_FC_DP Pin=DD1-71
Added Net: Name=USB_OTG_FC_DP
Added Pin To Net: NetName=VBUS Pin=C65-1
Added Pin To Net: NetName=VBUS Pin=DA1-5
Added Pin To Net: NetName=VBUS Pin=VD2-1
Added Pin To Net: NetName=VBUS Pin=XS2-A4_B9
Added Pin To Net: NetName=VBUS Pin=XS2-B4_A9
Added Pin To Net: NetName=VBUS Pin=XS2-B4_A9
Added Pin To Net: NetName=VBUS Pin=XS2-A4_B9
Added Net: Name=VBUS
Added Pin To Net: NetName=XTAL_N Pin=C75-2
Added Pin To Net: NetName=XTAL_N Pin=ZQ2-3
Added Net: Name=XTAL_N
Added Pin To Net: NetName=XTAL_P Pin=C74-2
Added Pin To Net: NetName=XTAL_P Pin=ZQ2-1
Added Net: Name=XTAL_P
Added Class: Name=ALL
Added Room: Name=ALL
